<?xml version="1.0" encoding="UTF-8" standalone="no" ?>
<coverage branch-rate="NaN" branches-covered="NaN" branches-valid="NaN" complexity="NaN" line-rate="0.84841" lines-covered="347" lines-valid="409" timestamp="1640908090.135" version="">

  <sources>
    <source>D:\FileExchange\20211230_pix2pix\code\+p2p\</source>
  </sources>

  <packages>
    <package branch-rate="NaN" complexity="NaN" line-rate="0.91613" name="p2p">
      <classes>
        <class branch-rate="NaN" complexity="NaN" filename="train.m" line-rate="0.875" name="p2p.train">
          <methods/>
          <lines>
            <line hits="5" number="21"/>
            <line hits="0" number="22"/>
            <line hits="5" number="25"/>
            <line hits="0" number="26"/>
            <line hits="5" number="27"/>
            <line hits="0" number="28"/>
            <line hits="0" number="29"/>
            <line hits="5" number="32"/>
            <line hits="5" number="34"/>
            <line hits="5" number="35"/>
            <line hits="5" number="36"/>
            <line hits="5" number="39"/>
            <line hits="5" number="42"/>
            <line hits="5" number="43"/>
            <line hits="5" number="45"/>
            <line hits="1" number="46"/>
            <line hits="1" number="47"/>
            <line hits="1" number="48"/>
            <line hits="1" number="49"/>
            <line hits="1" number="50"/>
            <line hits="1" number="51"/>
            <line hits="1" number="52"/>
            <line hits="5" number="55"/>
            <line hits="3" number="56"/>
            <line hits="3" number="57"/>
            <line hits="3" number="59"/>
            <line hits="3" number="60"/>
            <line hits="3" number="62"/>
            <line hits="3" number="63"/>
            <line hits="2" number="64"/>
            <line hits="2" number="65"/>
            <line hits="2" number="66"/>
            <line hits="2" number="67"/>
            <line hits="2" number="68"/>
            <line hits="2" number="69"/>
            <line hits="2" number="71"/>
            <line hits="2" number="72"/>
            <line hits="5" number="76"/>
            <line hits="5" number="78"/>
            <line hits="5" number="80"/>
            <line hits="25" number="82"/>
            <line hits="25" number="84"/>
            <line hits="25" number="85"/>
            <line hits="25" number="86"/>
            <line hits="25" number="88"/>
            <line hits="25" number="89"/>
            <line hits="25" number="91"/>
            <line hits="25" number="92"/>
            <line hits="25" number="94"/>
            <line hits="0" number="95"/>
            <line hits="0" number="96"/>
            <line hits="0" number="97"/>
            <line hits="0" number="98"/>
            <line hits="0" number="99"/>
            <line hits="0" number="100"/>
            <line hits="5" number="105"/>
            <line hits="5" number="106"/>
            <line hits="5" number="107"/>
            <line hits="5" number="108"/>
            <line hits="5" number="109"/>
            <line hits="25" number="117"/>
            <line hits="25" number="121"/>
            <line hits="25" number="122"/>
            <line hits="25" number="124"/>
            <line hits="25" number="125"/>
            <line hits="25" number="129"/>
            <line hits="25" number="131"/>
            <line hits="25" number="132"/>
            <line hits="25" number="135"/>
            <line hits="25" number="136"/>
            <line hits="25" number="142"/>
            <line hits="25" number="143"/>
            <line hits="25" number="144"/>
            <line hits="25" number="147"/>
            <line hits="25" number="150"/>
            <line hits="25" number="152"/>
            <line hits="25" number="154"/>
            <line hits="25" number="155"/>
            <line hits="25" number="156"/>
            <line hits="25" number="158"/>
          </lines>
        </class>
        <class branch-rate="NaN" complexity="NaN" filename="trainingOptions.m" line-rate="1" name="p2p.trainingOptions">
          <methods/>
          <lines>
            <line hits="3" number="62"/>
            <line hits="3" number="64"/>
            <line hits="3" number="65"/>
            <line hits="3" number="66"/>
            <line hits="3" number="67"/>
            <line hits="3" number="68"/>
            <line hits="3" number="69"/>
            <line hits="3" number="70"/>
            <line hits="3" number="71"/>
            <line hits="3" number="72"/>
            <line hits="3" number="73"/>
            <line hits="3" number="74"/>
            <line hits="3" number="75"/>
            <line hits="3" number="76"/>
            <line hits="3" number="77"/>
            <line hits="3" number="78"/>
            <line hits="3" number="79"/>
            <line hits="3" number="80"/>
            <line hits="3" number="81"/>
            <line hits="3" number="82"/>
            <line hits="3" number="83"/>
            <line hits="3" number="84"/>
            <line hits="3" number="85"/>
            <line hits="3" number="86"/>
            <line hits="3" number="87"/>
            <line hits="3" number="88"/>
            <line hits="3" number="89"/>
            <line hits="3" number="90"/>
            <line hits="3" number="91"/>
            <line hits="3" number="92"/>
            <line hits="3" number="93"/>
            <line hits="3" number="94"/>
            <line hits="3" number="95"/>
            <line hits="3" number="96"/>
            <line hits="3" number="97"/>
            <line hits="3" number="98"/>
            <line hits="3" number="99"/>
            <line hits="3" number="100"/>
            <line hits="3" number="101"/>
            <line hits="3" number="102"/>
            <line hits="3" number="103"/>
            <line hits="3" number="104"/>
            <line hits="3" number="105"/>
            <line hits="3" number="106"/>
            <line hits="3" number="107"/>
            <line hits="3" number="108"/>
            <line hits="3" number="109"/>
            <line hits="3" number="110"/>
            <line hits="3" number="111"/>
            <line hits="3" number="112"/>
            <line hits="3" number="113"/>
            <line hits="3" number="115"/>
            <line hits="3" number="116"/>
            <line hits="3" number="119"/>
          </lines>
        </class>
        <class branch-rate="NaN" complexity="NaN" filename="translate.m" line-rate="0.85714" name="p2p.translate">
          <methods/>
          <lines>
            <line hits="2" number="26"/>
            <line hits="2" number="28"/>
            <line hits="2" number="30"/>
            <line hits="2" number="31"/>
            <line hits="2" number="34"/>
            <line hits="2" number="35"/>
            <line hits="2" number="36"/>
            <line hits="0" number="37"/>
            <line hits="0" number="38"/>
            <line hits="2" number="45"/>
            <line hits="2" number="46"/>
            <line hits="2" number="47"/>
            <line hits="2" number="48"/>
            <line hits="2" number="49"/>
            <line hits="2" number="51"/>
            <line hits="2" number="52"/>
            <line hits="2" number="57"/>
            <line hits="2" number="58"/>
            <line hits="0" number="59"/>
            <line hits="2" number="60"/>
            <line hits="2" number="62"/>
          </lines>
        </class>
      </classes>
    </package>
    <package branch-rate="NaN" complexity="NaN" line-rate="0.95522" name="p2p.data">
      <classes>
        <class branch-rate="NaN" complexity="NaN" filename="+data\PairedImageDatastore.m" line-rate="0.98" name="p2p.data.PairedImageDatastore">
          <methods>
            <method branch-rate="NaN" line-rate="1" name="parseInputs" signature="[inputs, remaining] = parseInputs(varargin)">
              <lines>
                <line hits="12" number="31"/>
                <line hits="12" number="33"/>
                <line hits="12" number="34"/>
                <line hits="12" number="35"/>
                <line hits="12" number="36"/>
                <line hits="12" number="37"/>
                <line hits="12" number="38"/>
                <line hits="12" number="39"/>
                <line hits="12" number="40"/>
              </lines>
            </method>
            <method branch-rate="NaN" line-rate="1" name="PairedImageDatastore" signature="obj = PairedImageDatastore(dirA, dirB, miniBatchSize, varargin)">
              <lines>
                <line hits="13" number="62"/>
                <line hits="13" number="64"/>
                <line hits="13" number="65"/>
                <line hits="13" number="66"/>
                <line hits="13" number="67"/>
                <line hits="13" number="68"/>
                <line hits="13" number="70"/>
                <line hits="12" number="73"/>
                <line hits="12" number="76"/>
                <line hits="12" number="78"/>
                <line hits="12" number="79"/>
                <line hits="12" number="80"/>
                <line hits="12" number="81"/>
                <line hits="12" number="82"/>
              </lines>
            </method>
            <method branch-rate="NaN" line-rate="1" name="hasdata" signature="tf = hasdata(obj)">
              <lines>
                <line hits="30" number="87"/>
              </lines>
            </method>
            <method branch-rate="NaN" line-rate="1" name="read" signature="data = read(obj)">
              <lines>
                <line hits="35" number="91"/>
                <line hits="35" number="92"/>
                <line hits="35" number="95"/>
                <line hits="31" number="96"/>
                <line hits="31" number="97"/>
                <line hits="35" number="99"/>
                <line hits="35" number="100"/>
                <line hits="35" number="101"/>
                <line hits="35" number="102"/>
                <line hits="35" number="103"/>
                <line hits="35" number="104"/>
              </lines>
            </method>
            <method branch-rate="NaN" line-rate="1" name="reset" signature="reset(obj)">
              <lines>
                <line hits="2" number="108"/>
                <line hits="2" number="109"/>
              </lines>
            </method>
            <method branch-rate="NaN" line-rate="1" name="shuffle" signature="objNew = shuffle(obj)">
              <lines>
                <line hits="6" number="113"/>
                <line hits="6" number="114"/>
                <line hits="6" number="115"/>
                <line hits="6" number="116"/>
                <line hits="6" number="117"/>
                <line hits="6" number="119"/>
                <line hits="6" number="120"/>
              </lines>
            </method>
            <method branch-rate="NaN" line-rate="1" name="normaliseImages" signature="[aOut, bOut] = normaliseImages(obj, aIn, bIn)">
              <lines>
                <line hits="35" number="124"/>
                <line hits="35" number="125"/>
              </lines>
            </method>
            <method branch-rate="NaN" line-rate="0" name="get.MiniBatchSize" signature="val = get.MiniBatchSize(obj)">
              <lines>
                <line hits="0" number="129"/>
              </lines>
            </method>
            <method branch-rate="NaN" line-rate="1" name="set.MiniBatchSize" signature="set.MiniBatchSize(obj, val)">
              <lines>
                <line hits="15" number="133"/>
                <line hits="15" number="134"/>
                <line hits="15" number="135"/>
              </lines>
            </method>
          </methods>
          <lines>
            <line hits="12" number="31"/>
            <line hits="12" number="33"/>
            <line hits="12" number="34"/>
            <line hits="12" number="35"/>
            <line hits="12" number="36"/>
            <line hits="12" number="37"/>
            <line hits="12" number="38"/>
            <line hits="12" number="39"/>
            <line hits="12" number="40"/>
            <line hits="13" number="62"/>
            <line hits="13" number="64"/>
            <line hits="13" number="65"/>
            <line hits="13" number="66"/>
            <line hits="13" number="67"/>
            <line hits="13" number="68"/>
            <line hits="13" number="70"/>
            <line hits="12" number="73"/>
            <line hits="12" number="76"/>
            <line hits="12" number="78"/>
            <line hits="12" number="79"/>
            <line hits="12" number="80"/>
            <line hits="12" number="81"/>
            <line hits="12" number="82"/>
            <line hits="30" number="87"/>
            <line hits="35" number="91"/>
            <line hits="35" number="92"/>
            <line hits="35" number="95"/>
            <line hits="31" number="96"/>
            <line hits="31" number="97"/>
            <line hits="35" number="99"/>
            <line hits="35" number="100"/>
            <line hits="35" number="101"/>
            <line hits="35" number="102"/>
            <line hits="35" number="103"/>
            <line hits="35" number="104"/>
            <line hits="2" number="108"/>
            <line hits="2" number="109"/>
            <line hits="6" number="113"/>
            <line hits="6" number="114"/>
            <line hits="6" number="115"/>
            <line hits="6" number="116"/>
            <line hits="6" number="117"/>
            <line hits="6" number="119"/>
            <line hits="6" number="120"/>
            <line hits="35" number="124"/>
            <line hits="35" number="125"/>
            <line hits="0" number="129"/>
            <line hits="15" number="133"/>
            <line hits="15" number="134"/>
            <line hits="15" number="135"/>
          </lines>
        </class>
        <class branch-rate="NaN" complexity="NaN" filename="+data\transformImagePair.m" line-rate="0.88235" name="p2p.data.transformImagePair">
          <methods/>
          <lines>
            <line hits="35" number="18"/>
            <line hits="35" number="19"/>
            <line hits="35" number="22"/>
            <line hits="35" number="23"/>
            <line hits="35" number="24"/>
            <line hits="0" number="25"/>
            <line hits="35" number="26"/>
            <line hits="35" number="27"/>
            <line hits="0" number="28"/>
            <line hits="35" number="32"/>
            <line hits="35" number="33"/>
            <line hits="35" number="37"/>
            <line hits="35" number="38"/>
            <line hits="35" number="44"/>
            <line hits="35" number="45"/>
            <line hits="35" number="46"/>
            <line hits="35" number="47"/>
          </lines>
        </class>
      </classes>
    </package>
    <package branch-rate="NaN" complexity="NaN" line-rate="0.75" name="p2p.vis">
      <classes>
        <class branch-rate="NaN" complexity="NaN" filename="+vis\TrainingPlot.m" line-rate="0.75" name="p2p.vis.TrainingPlot">
          <methods>
            <method branch-rate="NaN" line-rate="1" name="TrainingPlot" signature="obj = TrainingPlot(exampleInputs)">
              <lines>
                <line hits="1" number="22"/>
                <line hits="1" number="24"/>
                <line hits="1" number="25"/>
                <line hits="1" number="26"/>
                <line hits="1" number="28"/>
                <line hits="1" number="31"/>
                <line hits="1" number="34"/>
                <line hits="1" number="35"/>
                <line hits="1" number="36"/>
                <line hits="1" number="37"/>
                <line hits="1" number="39"/>
                <line hits="1" number="40"/>
                <line hits="1" number="41"/>
                <line hits="1" number="42"/>
              </lines>
            </method>
            <method branch-rate="NaN" line-rate="0" name="update" signature="update(obj, epoch, iteration, gLoss, lossL1, ganLoss, dLoss, generator)">
              <lines>
                <line hits="0" number="47"/>
                <line hits="0" number="48"/>
                <line hits="0" number="49"/>
              </lines>
            </method>
            <method branch-rate="NaN" line-rate="1" name="initImages" signature="initImages(obj)">
              <lines>
                <line hits="1" number="53"/>
                <line hits="1" number="54"/>
                <line hits="1" number="55"/>
                <line hits="1" number="57"/>
                <line hits="1" number="58"/>
              </lines>
            </method>
            <method branch-rate="NaN" line-rate="0" name="updateImages" signature="updateImages(obj, generator)">
              <lines>
                <line hits="0" number="62"/>
                <line hits="0" number="63"/>
                <line hits="0" number="64"/>
              </lines>
            </method>
            <method branch-rate="NaN" line-rate="1" name="initLines" signature="initLines(obj)">
              <lines>
                <line hits="1" number="69"/>
                <line hits="1" number="72"/>
                <line hits="1" number="73"/>
                <line hits="1" number="74"/>
                <line hits="1" number="75"/>
                <line hits="1" number="78"/>
                <line hits="1" number="79"/>
                <line hits="1" number="80"/>
                <line hits="1" number="81"/>
                <line hits="3" number="82"/>
                <line hits="3" number="83"/>
                <line hits="3" number="85"/>
                <line hits="1" number="87"/>
                <line hits="1" number="88"/>
                <line hits="1" number="89"/>
                <line hits="1" number="90"/>
              </lines>
            </method>
            <method branch-rate="NaN" line-rate="0" name="updateLines" signature="updateLines(obj, epoch, iteration, gLoss, lossL1, ganLoss, dLoss)">
              <lines>
                <line hits="0" number="94"/>
                <line hits="0" number="95"/>
                <line hits="0" number="96"/>
                <line hits="0" number="97"/>
                <line hits="0" number="98"/>
                <line hits="0" number="99"/>
                <line hits="0" number="100"/>
              </lines>
            </method>
            <method branch-rate="NaN" line-rate="1" name="prepForPlot" signature="imOut = prepForPlot(im)">
              <lines>
                <line hits="5" number="107"/>
                <line hits="5" number="108"/>
                <line hits="5" number="111"/>
                <line hits="4" number="112"/>
              </lines>
            </method>
          </methods>
          <lines>
            <line hits="1" number="22"/>
            <line hits="1" number="24"/>
            <line hits="1" number="25"/>
            <line hits="1" number="26"/>
            <line hits="1" number="28"/>
            <line hits="1" number="31"/>
            <line hits="1" number="34"/>
            <line hits="1" number="35"/>
            <line hits="1" number="36"/>
            <line hits="1" number="37"/>
            <line hits="1" number="39"/>
            <line hits="1" number="40"/>
            <line hits="1" number="41"/>
            <line hits="1" number="42"/>
            <line hits="0" number="47"/>
            <line hits="0" number="48"/>
            <line hits="0" number="49"/>
            <line hits="1" number="53"/>
            <line hits="1" number="54"/>
            <line hits="1" number="55"/>
            <line hits="1" number="57"/>
            <line hits="1" number="58"/>
            <line hits="0" number="62"/>
            <line hits="0" number="63"/>
            <line hits="0" number="64"/>
            <line hits="1" number="69"/>
            <line hits="1" number="72"/>
            <line hits="1" number="73"/>
            <line hits="1" number="74"/>
            <line hits="1" number="75"/>
            <line hits="1" number="78"/>
            <line hits="1" number="79"/>
            <line hits="1" number="80"/>
            <line hits="1" number="81"/>
            <line hits="3" number="82"/>
            <line hits="3" number="83"/>
            <line hits="3" number="85"/>
            <line hits="1" number="87"/>
            <line hits="1" number="88"/>
            <line hits="1" number="89"/>
            <line hits="1" number="90"/>
            <line hits="0" number="94"/>
            <line hits="0" number="95"/>
            <line hits="0" number="96"/>
            <line hits="0" number="97"/>
            <line hits="0" number="98"/>
            <line hits="0" number="99"/>
            <line hits="0" number="100"/>
            <line hits="5" number="107"/>
            <line hits="5" number="108"/>
            <line hits="5" number="111"/>
            <line hits="4" number="112"/>
          </lines>
        </class>
      </classes>
    </package>
    <package branch-rate="NaN" complexity="NaN" line-rate="0.93878" name="p2p.networks">
      <classes>
        <class branch-rate="NaN" complexity="NaN" filename="+networks\block.m" line-rate="0.82353" name="p2p.networks.block">
          <methods/>
          <lines>
            <line hits="126" number="6"/>
            <line hits="126" number="7"/>
            <line hits="126" number="8"/>
            <line hits="126" number="9"/>
            <line hits="126" number="10"/>
            <line hits="126" number="11"/>
            <line hits="126" number="12"/>
            <line hits="126" number="13"/>
            <line hits="126" number="14"/>
            <line hits="126" number="16"/>
            <line hits="126" number="17"/>
            <line hits="72" number="18"/>
            <line hits="72" number="19"/>
            <line hits="54" number="20"/>
            <line hits="54" number="21"/>
            <line hits="54" number="22"/>
            <line hits="0" number="23"/>
            <line hits="0" number="24"/>
            <line hits="126" number="27"/>
            <line hits="126" number="28"/>
            <line hits="126" number="29"/>
            <line hits="126" number="31"/>
            <line hits="126" number="33"/>
            <line hits="111" number="34"/>
            <line hits="111" number="35"/>
            <line hits="0" number="36"/>
            <line hits="111" number="37"/>
            <line hits="111" number="38"/>
            <line hits="0" number="39"/>
            <line hits="0" number="41"/>
            <line hits="0" number="42"/>
            <line hits="126" number="45"/>
            <line hits="30" number="46"/>
            <line hits="126" number="48"/>
          </lines>
        </class>
        <class branch-rate="NaN" complexity="NaN" filename="+networks\discriminator.m" line-rate="1" name="p2p.networks.discriminator">
          <methods/>
          <lines>
            <line hits="6" number="6"/>
            <line hits="6" number="8"/>
            <line hits="6" number="10"/>
            <line hits="3" number="11"/>
            <line hits="3" number="12"/>
            <line hits="3" number="13"/>
            <line hits="3" number="17"/>
            <line hits="6" number="20"/>
            <line hits="18" number="22"/>
            <line hits="6" number="23"/>
            <line hits="12" number="24"/>
            <line hits="12" number="25"/>
            <line hits="18" number="28"/>
            <line hits="18" number="29"/>
            <line hits="18" number="30"/>
            <line hits="6" number="33"/>
            <line hits="6" number="34"/>
            <line hits="6" number="38"/>
            <line hits="6" number="39"/>
            <line hits="6" number="40"/>
          </lines>
        </class>
        <class branch-rate="NaN" complexity="NaN" filename="+networks\downBlock.m" line-rate="1" name="p2p.networks.downBlock">
          <methods/>
          <lines>
            <line hits="72" number="6"/>
          </lines>
        </class>
        <class branch-rate="NaN" complexity="NaN" filename="+networks\generator.m" line-rate="1" name="p2p.networks.generator">
          <methods/>
          <lines>
            <line hits="9" number="6"/>
            <line hits="9" number="7"/>
            <line hits="9" number="9"/>
            <line hits="6" number="10"/>
            <line hits="3" number="11"/>
            <line hits="3" number="12"/>
            <line hits="3" number="16"/>
            <line hits="3" number="17"/>
            <line hits="9" number="20"/>
            <line hits="9" number="24"/>
            <line hits="54" number="26"/>
            <line hits="9" number="27"/>
            <line hits="45" number="28"/>
            <line hits="45" number="29"/>
            <line hits="54" number="32"/>
            <line hits="54" number="33"/>
            <line hits="54" number="34"/>
            <line hits="9" number="37"/>
            <line hits="54" number="38"/>
            <line hits="30" number="39"/>
            <line hits="24" number="40"/>
            <line hits="24" number="41"/>
            <line hits="54" number="44"/>
            <line hits="54" number="45"/>
            <line hits="54" number="46"/>
            <line hits="54" number="47"/>
            <line hits="9" number="50"/>
            <line hits="9" number="51"/>
            <line hits="9" number="55"/>
            <line hits="9" number="57"/>
            <line hits="9" number="59"/>
            <line hits="45" number="60"/>
            <line hits="9" number="62"/>
            <line hits="9" number="64"/>
          </lines>
        </class>
        <class branch-rate="NaN" complexity="NaN" filename="+networks\instanceNormalizationLayer.m" line-rate="1" name="p2p.networks.instanceNormalizationLayer">
          <methods>
            <method branch-rate="NaN" line-rate="1" name="instanceNormalizationLayer" signature="layer = instanceNormalizationLayer(name)">
              <lines>
                <line hits="7" number="17"/>
                <line hits="7" number="18"/>
                <line hits="7" number="19"/>
              </lines>
            </method>
            <method branch-rate="NaN" line-rate="1" name="predict" signature="Y = predict(layer, X)">
              <lines>
                <line hits="12" number="25"/>
                <line hits="12" number="26"/>
                <line hits="12" number="27"/>
                <line hits="12" number="29"/>
              </lines>
            </method>
          </methods>
          <lines>
            <line hits="7" number="17"/>
            <line hits="7" number="18"/>
            <line hits="7" number="19"/>
            <line hits="12" number="25"/>
            <line hits="12" number="26"/>
            <line hits="12" number="27"/>
            <line hits="12" number="29"/>
          </lines>
        </class>
        <class branch-rate="NaN" complexity="NaN" filename="+networks\upBlock.m" line-rate="1" name="p2p.networks.upBlock">
          <methods/>
          <lines>
            <line hits="54" number="6"/>
            <line hits="54" number="7"/>
          </lines>
        </class>
      </classes>
    </package>
    <package branch-rate="NaN" complexity="NaN" line-rate="0.27027" name="p2p.util">
      <classes>
        <class branch-rate="NaN" complexity="NaN" filename="+util\AdamOptimiser.m" line-rate="1" name="p2p.util.AdamOptimiser">
          <methods>
            <method branch-rate="NaN" line-rate="1" name="AdamOptimiser" signature="obj = AdamOptimiser(lr, beta1, beta2)">
              <lines>
                <line hits="6" number="24"/>
                <line hits="6" number="25"/>
                <line hits="6" number="26"/>
              </lines>
            </method>
            <method branch-rate="NaN" line-rate="1" name="update" signature="updatedParams = update(obj, params, gradients)">
              <lines>
                <line hits="50" number="32"/>
                <line hits="44" number="33"/>
                <line hits="50" number="38"/>
                <line hits="50" number="39"/>
                <line hits="50" number="40"/>
                <line hits="50" number="41"/>
                <line hits="50" number="42"/>
              </lines>
            </method>
          </methods>
          <lines>
            <line hits="6" number="24"/>
            <line hits="6" number="25"/>
            <line hits="6" number="26"/>
            <line hits="50" number="32"/>
            <line hits="44" number="33"/>
            <line hits="50" number="38"/>
            <line hits="50" number="39"/>
            <line hits="50" number="40"/>
            <line hits="50" number="41"/>
            <line hits="50" number="42"/>
          </lines>
        </class>
        <class branch-rate="NaN" complexity="NaN" filename="+util\downloadFacades.m" line-rate="0" name="p2p.util.downloadFacades">
          <methods/>
          <lines>
            <line hits="0" number="12"/>
            <line hits="0" number="13"/>
            <line hits="0" number="16"/>
            <line hits="0" number="17"/>
            <line hits="0" number="19"/>
            <line hits="0" number="20"/>
            <line hits="0" number="21"/>
            <line hits="0" number="22"/>
            <line hits="0" number="25"/>
            <line hits="0" number="26"/>
            <line hits="0" number="27"/>
            <line hits="0" number="28"/>
            <line hits="0" number="29"/>
            <line hits="0" number="30"/>
            <line hits="0" number="32"/>
            <line hits="0" number="33"/>
            <line hits="0" number="34"/>
            <line hits="0" number="38"/>
            <line hits="0" number="40"/>
            <line hits="0" number="43"/>
            <line hits="0" number="45"/>
            <line hits="0" number="51"/>
            <line hits="0" number="52"/>
            <line hits="0" number="53"/>
            <line hits="0" number="54"/>
            <line hits="0" number="55"/>
            <line hits="0" number="56"/>
          </lines>
        </class>
      </classes>
    </package>
  </packages>

</coverage>
